{
  "RSpec": {
    "coverage": {
      "/Users/samuel/Documents/Programming/ioquatix/build-dependency/lib/build/dependency.rb": [
        null,
        null,
        null,
        null,
        null,
        null,
        null,
        null,
        null,
        null,
        null,
        null,
        null,
        null,
        null,
        null,
        null,
        null,
        null,
        null,
        1,
        null,
        1,
        null,
        1,
        1,
        null,
        1
      ],
      "/Users/samuel/Documents/Programming/ioquatix/build-dependency/lib/build/dependency/provider.rb": [
        null,
        null,
        null,
        null,
        null,
        null,
        null,
        null,
        null,
        null,
        null,
        null,
        null,
        null,
        null,
        null,
        null,
        null,
        null,
        null,
        1,
        null,
        1,
        1,
        1,
        1,
        null,
        null,
        null,
        1,
        1,
        149,
        null,
        null,
        1,
        0,
        null,
        null,
        null,
        1,
        1,
        32,
        null,
        null,
        1,
        0,
        null,
        null,
        null,
        1,
        1,
        0,
        null,
        null,
        1,
        0,
        null,
        null,
        null,
        1,
        1,
        131,
        null,
        131,
        null,
        null,
        1,
        null,
        1,
        0,
        0,
        null,
        0,
        null,
        null,
        null,
        1,
        25,
        null,
        null,
        1,
        1,
        null,
        null,
        1,
        131,
        null,
        null,
        null,
        1,
        1,
        0,
        null,
        0,
        0,
        null,
        0,
        null,
        null,
        null,
        1,
        2,
        null,
        null,
        null,
        1,
        10,
        null,
        null,
        null,
        1,
        523,
        null,
        null,
        null,
        1,
        172,
        null,
        null,
        null,
        1,
        328,
        null,
        null,
        1,
        92,
        null,
        null,
        null,
        1,
        88,
        72,
        null,
        72,
        null,
        16,
        null,
        16,
        16,
        null,
        null,
        null,
        null,
        1,
        72,
        72,
        null,
        null,
        null,
        1,
        0,
        null,
        null,
        null,
        null
      ],
      "/Users/samuel/Documents/Programming/ioquatix/build-dependency/lib/build/dependency/chain.rb": [
        null,
        null,
        null,
        null,
        null,
        null,
        null,
        null,
        null,
        null,
        null,
        null,
        null,
        null,
        null,
        null,
        null,
        null,
        null,
        null,
        1,
        null,
        1,
        1,
        1,
        1,
        0,
        null,
        0,
        null,
        null,
        1,
        null,
        null,
        1,
        null,
        1,
        1,
        21,
        21,
        21,
        21,
        21,
        null,
        null,
        1,
        1,
        1,
        1,
        1,
        null,
        1,
        0,
        null,
        0,
        0,
        0,
        0,
        0,
        null,
        0,
        null,
        null,
        1,
        null,
        1,
        97,
        103,
        null,
        null,
        null,
        1,
        null,
        null,
        100,
        null,
        null,
        15,
        null,
        null,
        85,
        null,
        85,
        null,
        1,
        1,
        null,
        null,
        84,
        null,
        null,
        null,
        84,
        null,
        null,
        84,
        null,
        13,
        null,
        null,
        null,
        84,
        null,
        63,
        null,
        null,
        63,
        null,
        null,
        null,
        null,
        63,
        null,
        null,
        null,
        84,
        null,
        null,
        null,
        71,
        null,
        null,
        null,
        null,
        null,
        null,
        1,
        null,
        1,
        12,
        null,
        12,
        null,
        12,
        0,
        null,
        null,
        12,
        null,
        null,
        1,
        16,
        null,
        null,
        16,
        null,
        null,
        36,
        null,
        null,
        16,
        null,
        16,
        null,
        null,
        1,
        1,
        1,
        null,
        1,
        12,
        null,
        0,
        0,
        0,
        null,
        0,
        null,
        null,
        1,
        null,
        1,
        null,
        null,
        16,
        null,
        null,
        1,
        null,
        4,
        null,
        null,
        2,
        null,
        null,
        6,
        null,
        null,
        1,
        12,
        null,
        null,
        1,
        null,
        400,
        null,
        null,
        null,
        72,
        null,
        4,
        null,
        null,
        null,
        4,
        null,
        2,
        null,
        2,
        null,
        null,
        4,
        null,
        0,
        null,
        4,
        null,
        3,
        null,
        null,
        1,
        null,
        null,
        null,
        68,
        null,
        null,
        null,
        1,
        71,
        null,
        null,
        null,
        null
      ],
      "/Users/samuel/Documents/Programming/ioquatix/build-dependency/lib/build/dependency/partial_chain.rb": [
        null,
        null,
        null,
        null,
        null,
        null,
        null,
        null,
        null,
        null,
        null,
        null,
        null,
        null,
        null,
        null,
        null,
        null,
        null,
        null,
        1,
        null,
        1,
        1,
        1,
        1,
        4,
        null,
        null,
        null,
        1,
        null,
        1,
        4,
        null,
        4,
        null,
        4,
        null,
        null,
        1,
        5,
        null,
        5,
        null,
        null,
        13,
        null,
        5,
        null,
        null,
        1,
        2,
        null,
        null,
        1,
        null,
        1,
        0,
        null,
        null,
        1,
        4,
        null,
        0,
        0,
        null,
        0,
        null,
        null,
        1,
        null,
        1,
        5,
        null,
        null,
        1,
        18,
        8,
        null,
        null,
        15,
        null,
        null,
        1,
        13,
        null,
        null,
        1,
        null,
        13,
        null,
        null,
        null,
        null
      ],
      "/Users/samuel/Documents/Programming/ioquatix/build-dependency/lib/build/dependency/visualization.rb": [
        null,
        null,
        null,
        null,
        null,
        null,
        null,
        null,
        null,
        null,
        null,
        null,
        null,
        null,
        null,
        null,
        null,
        null,
        null,
        null,
        1,
        null,
        1,
        1,
        1,
        1,
        3,
        null,
        null,
        null,
        null,
        null,
        null,
        3,
        null,
        3,
        null,
        null,
        null,
        3,
        null,
        null,
        null,
        3,
        null,
        null,
        null,
        3,
        null,
        null,
        null,
        null,
        3,
        null,
        null,
        null,
        3,
        null,
        null,
        null,
        null,
        1,
        1,
        null,
        1,
        1,
        null,
        1,
        null,
        1,
        1,
        1,
        null,
        1,
        3,
        3,
        null,
        3,
        15,
        15,
        null,
        null,
        15,
        null,
        15,
        6,
        9,
        0,
        null,
        null,
        null,
        15,
        18,
        17,
        null,
        17,
        14,
        null,
        null,
        null,
        null,
        null,
        15,
        24,
        null,
        12,
        null,
        12,
        6,
        null,
        null,
        12,
        null,
        12,
        12,
        null,
        12,
        null,
        null,
        null,
        null,
        3,
        17,
        null,
        17,
        null,
        null,
        null,
        3,
        3,
        15,
        15,
        null,
        15,
        null,
        15,
        18,
        null,
        13,
        null,
        13,
        13,
        null,
        null,
        null,
        null,
        3,
        null,
        null,
        null,
        null
      ]
    },
    "timestamp": 1493243731
  }
}
